{
  "RSpec": {
    "coverage": {
      "/Users/pablo/Programming/Ruby/termit/lib/termit.rb": [
        1,
        1,
        1,
        1,
        1,
        1,
        1,
        1,
        1,
        1,
        1,
        1,
        1,
        1,
        null,
        1,
        null
      ],
      "/Users/pablo/Programming/Ruby/termit/lib/termit/output_manager.rb": [
        null,
        1,
        1,
        1,
        2,
        2,
        null,
        null,
        1,
        1,
        1,
        null,
        1,
        null,
        0,
        null,
        1,
        null,
        null,
        1,
        3,
        null,
        null,
        null,
        null,
        null,
        null,
        null,
        null,
        null,
        null,
        null,
        null,
        null,
        3,
        null,
        null,
        null,
        1,
        2,
        2,
        null,
        null,
        1,
        3,
        3,
        null,
        null,
        1,
        0,
        0,
        null,
        null,
        1,
        0,
        0,
        null,
        null,
        null
      ],
      "/Users/pablo/Programming/Ruby/termit/lib/termit/can_output.rb": [
        1,
        1,
        1,
        4,
        null,
        null,
        1,
        null,
        1,
        8,
        null,
        null,
        null
      ],
      "/Users/pablo/Programming/Ruby/termit/lib/termit/user_input_parser.rb": [
        null,
        1,
        1,
        1,
        null,
        1,
        null,
        1,
        7,
        7,
        4,
        null,
        1,
        null,
        null,
        1,
        3,
        null,
        null,
        1,
        null,
        1,
        null,
        null,
        null,
        null,
        null,
        3,
        null,
        null,
        1,
        3,
        3,
        null,
        null,
        1,
        4,
        4,
        4,
        8,
        null,
        null,
        null,
        1,
        7,
        5,
        null,
        null,
        null
      ],
      "/Users/pablo/Programming/Ruby/termit/lib/termit/main.rb": [
        null,
        1,
        1,
        1,
        2,
        null,
        null,
        1,
        2,
        2,
        2,
        null,
        null,
        1,
        null,
        1,
        1,
        1,
        null,
        null,
        null
      ],
      "/Users/pablo/Programming/Ruby/termit/lib/termit/sound_response_handler.rb": [
        null,
        1,
        null,
        1,
        1,
        1,
        1,
        null,
        null,
        1,
        1,
        1,
        1,
        0,
        null,
        1,
        null,
        null,
        1,
        null,
        1,
        1,
        null,
        null,
        null
      ],
      "/Users/pablo/Programming/Ruby/termit/lib/termit/text_translator.rb": [
        null,
        1,
        1,
        1,
        null,
        1,
        2,
        2,
        null,
        null,
        1,
        2,
        2,
        null,
        null,
        null
      ],
      "/Users/pablo/Programming/Ruby/termit/lib/termit/speech_synthesizer.rb": [
        null,
        1,
        1,
        1,
        1,
        null,
        1,
        2,
        2,
        2,
        null,
        null,
        1,
        2,
        2,
        null,
        null,
        1,
        null,
        1,
        1,
        1,
        null,
        null,
        null,
        null
      ],
      "/Users/pablo/Programming/Ruby/termit/lib/termit/url_constructor.rb": [
        null,
        null,
        1,
        1,
        1,
        null,
        1,
        6,
        null,
        null,
        1,
        6,
        null,
        null,
        1,
        null,
        1,
        5,
        null,
        null,
        1,
        1,
        null,
        null,
        1,
        1,
        0,
        1,
        0,
        1,
        0,
        null,
        1,
        null,
        null,
        null,
        null
      ],
      "/Users/pablo/Programming/Ruby/termit/lib/termit/data_fetcher_base.rb": [
        null,
        1,
        null,
        1,
        1,
        1,
        1,
        1,
        null,
        1,
        2,
        2,
        null,
        null,
        1,
        2,
        null,
        0,
        0,
        null,
        0,
        0,
        null,
        null,
        1,
        null,
        1,
        null,
        1,
        null,
        null,
        null,
        null,
        null,
        null,
        1,
        1,
        1,
        1,
        null,
        2,
        null,
        null,
        null
      ],
      "/Users/pablo/Programming/Ruby/termit/lib/termit/text_fetcher.rb": [
        null,
        null,
        1,
        1,
        1,
        null,
        1,
        2,
        null,
        null,
        null,
        null,
        null,
        null,
        null,
        null,
        1,
        2,
        null,
        null,
        null
      ],
      "/Users/pablo/Programming/Ruby/termit/lib/termit/sound_fetcher.rb": [
        null,
        null,
        1,
        1,
        1,
        null,
        1,
        0,
        null,
        null,
        null,
        null,
        null,
        null
      ],
      "/Users/pablo/Programming/Ruby/termit/lib/termit/text_response_handler.rb": [
        null,
        1,
        null,
        1,
        1,
        1,
        1,
        null,
        1,
        3,
        null,
        null,
        1,
        3,
        3,
        3,
        null,
        null,
        1,
        null,
        1,
        3,
        null,
        null,
        1,
        3,
        3,
        3,
        null,
        null,
        null
      ],
      "/Users/pablo/Programming/Ruby/termit/spec/termit/output_manager_spec.rb": [
        null,
        1,
        null,
        1,
        1,
        2,
        null,
        1,
        1,
        1,
        8,
        null,
        null,
        null,
        null
      ],
      "/Users/pablo/Programming/Ruby/termit/spec/termit/sound_response_handler_spec.rb": [
        null,
        1,
        null,
        1,
        1,
        2,
        2,
        null,
        1,
        1,
        1,
        1,
        null,
        null,
        null
      ],
      "/Users/pablo/Programming/Ruby/termit/spec/termit/speech_synthesizer_spec.rb": [
        null,
        1,
        null,
        1,
        1,
        1,
        2,
        2,
        2,
        4,
        4,
        null,
        null,
        1,
        1,
        2,
        1,
        1,
        null,
        null,
        null,
        1,
        1,
        2,
        null,
        1,
        1,
        1,
        null,
        null,
        null,
        null
      ],
      "/Users/pablo/Programming/Ruby/termit/spec/termit/text_response_handler_spec.rb": [
        null,
        1,
        null,
        1,
        1,
        1,
        1,
        1,
        null,
        null,
        1,
        1,
        1,
        null,
        null,
        null
      ],
      "/Users/pablo/Programming/Ruby/termit/spec/termit/text_translator_spec.rb": [
        null,
        1,
        null,
        1,
        1,
        1,
        1,
        1,
        1,
        1,
        null,
        null,
        null,
        null,
        1,
        1,
        1,
        1,
        1,
        1,
        null,
        null,
        null,
        null
      ],
      "/Users/pablo/Programming/Ruby/termit/spec/termit/url_constructor_spec.rb": [
        null,
        1,
        null,
        1,
        1,
        1,
        1,
        1,
        1,
        null,
        1,
        null,
        null,
        null,
        1,
        1,
        1,
        1,
        1,
        null,
        null,
        null,
        null
      ],
      "/Users/pablo/Programming/Ruby/termit/spec/termit/user_input_parser_spec.rb": [
        null,
        1,
        null,
        1,
        1,
        1,
        1,
        2,
        null,
        null,
        null,
        1,
        1,
        1,
        1,
        null,
        null,
        1,
        2,
        null,
        null,
        1,
        2,
        null,
        null,
        null,
        1,
        1,
        1,
        null,
        null,
        1,
        1,
        1,
        null,
        null,
        1,
        2,
        null,
        null,
        null,
        null
      ]
    },
    "timestamp": 1495699232
  }
}
